<?xml version="1.0" encoding="UTF-8"?>
<testng-results skipped="0" failed="0" total="2" passed="2">
  <reporter-output>
  </reporter-output>
  <suite name="OrangeHRM TestSuite" duration-ms="52237" started-at="2022-06-10T07:06:18Z" finished-at="2022-06-10T07:07:10Z">
    <groups>
      <group name="cucumber">
        <method signature="AbstractTestNGCucumberTests.feature(cucumber.api.testng.CucumberFeatureWrapper)[pri:0, instance:testrunners.AdminLoginTest@43a25848]" name="feature" class="cucumber.api.testng.AbstractTestNGCucumberTests"/>
        <method signature="AbstractTestNGCucumberTests.feature(cucumber.api.testng.CucumberFeatureWrapper)[pri:0, instance:testrunners.EmployeeRegTest@566776ad]" name="feature" class="cucumber.api.testng.AbstractTestNGCucumberTests"/>
      </group> <!-- cucumber -->
    </groups>
    <test name="Admin Login Testcase" duration-ms="34586" started-at="2022-06-10T07:06:18Z" finished-at="2022-06-10T07:06:52Z">
      <class name="testrunners.AdminLoginTest">
        <test-method status="PASS" signature="setUpClass()[pri:0, instance:testrunners.AdminLoginTest@43a25848]" name="setUpClass" is-config="true" duration-ms="577" started-at="2022-06-10T12:36:18Z" finished-at="2022-06-10T12:36:18Z">
          <reporter-output>
          </reporter-output>
        </test-method> <!-- setUpClass -->
        <test-method status="PASS" signature="feature(cucumber.api.testng.CucumberFeatureWrapper)[pri:0, instance:testrunners.AdminLoginTest@43a25848]" name="feature" duration-ms="33548" started-at="2022-06-10T12:36:18Z" description="Runs Cucumber Feature" data-provider="features" finished-at="2022-06-10T12:36:52Z">
          <params>
            <param index="0">
              <value>
                <![CDATA[Admin Login]]>
              </value>
            </param>
          </params>
          <reporter-output>
          </reporter-output>
        </test-method> <!-- feature -->
        <test-method status="PASS" signature="tearDownClass()[pri:0, instance:testrunners.AdminLoginTest@43a25848]" name="tearDownClass" is-config="true" duration-ms="352" started-at="2022-06-10T12:36:52Z" finished-at="2022-06-10T12:36:52Z">
          <reporter-output>
          </reporter-output>
        </test-method> <!-- tearDownClass -->
      </class> <!-- testrunners.AdminLoginTest -->
    </test> <!-- Admin Login Testcase -->
    <test name="Employee Registration Testcase" duration-ms="17633" started-at="2022-06-10T07:06:52Z" finished-at="2022-06-10T07:07:10Z">
      <class name="testrunners.EmployeeRegTest">
        <test-method status="PASS" signature="setUpClass()[pri:0, instance:testrunners.EmployeeRegTest@566776ad]" name="setUpClass" is-config="true" duration-ms="13" started-at="2022-06-10T12:36:52Z" finished-at="2022-06-10T12:36:52Z">
          <reporter-output>
          </reporter-output>
        </test-method> <!-- setUpClass -->
        <test-method status="PASS" signature="feature(cucumber.api.testng.CucumberFeatureWrapper)[pri:0, instance:testrunners.EmployeeRegTest@566776ad]" name="feature" duration-ms="17565" started-at="2022-06-10T12:36:52Z" description="Runs Cucumber Feature" data-provider="features" finished-at="2022-06-10T12:37:10Z">
          <params>
            <param index="0">
              <value>
                <![CDATA[Employee Registration]]>
              </value>
            </param>
          </params>
          <reporter-output>
          </reporter-output>
        </test-method> <!-- feature -->
        <test-method status="PASS" signature="tearDownClass()[pri:0, instance:testrunners.EmployeeRegTest@566776ad]" name="tearDownClass" is-config="true" duration-ms="50" started-at="2022-06-10T12:37:10Z" finished-at="2022-06-10T12:37:10Z">
          <reporter-output>
          </reporter-output>
        </test-method> <!-- tearDownClass -->
      </class> <!-- testrunners.EmployeeRegTest -->
    </test> <!-- Employee Registration Testcase -->
  </suite> <!-- OrangeHRM TestSuite -->
</testng-results>
